<?xml version="1.0" encoding="UTF-8"?>
<testsuite xmlns:xsi="http://www.w3.org/2001/XMLSchema-instance" xsi:noNamespaceSchemaLocation="https://maven.apache.org/surefire/maven-surefire-plugin/xsd/surefire-test-report.xsd" version="3.0.2" name="com.library.repository.BookRepositoryImplTest" time="3.577" tests="11" errors="0" skipped="0" failures="0">
  <properties>
[...]
</properties>
  <testcase name="debeCrearUnLibro" classname="com.library.repository.BookRepositoryImplTest" time="3.353">
    <system-err><![CDATA[Mockito is currently self-attaching to enable the inline-mock-maker. This will no longer work in future releases of the JDK. Please add Mockito as an agent to your build what is described in Mockito's documentation: https://javadoc.io/doc/org.mockito/mockito-core/latest/org/mockito/Mockito.html#0.3
WARNING: A Java agent has been loaded dynamically (C:\Users\Anna\.m2\repository\net\bytebuddy\byte-buddy-agent\1.15.4\byte-buddy-agent-1.15.4.jar)
WARNING: If a serviceability tool is in use, please run with -XX:+EnableDynamicAgentLoading to hide this warning
WARNING: If a serviceability tool is not in use, please run with -Djdk.instrument.traceUsage for more information
WARNING: Dynamic loading of agents will be disallowed by default in a future release
]]></system-err>
  </testcase>
  <testcase name="debeGuardarAutoresDelLibro" classname="com.library.repository.BookRepositoryImplTest" time="0.035"/>
  <testcase name="debeListarTodosLosLibros" classname="com.library.repository.BookRepositoryImplTest" time="0.018"/>
  <testcase name="debeBuscarLibrosPorTitulo" classname="com.library.repository.BookRepositoryImplTest" time="0.022"/>
  <testcase name="debeRetornarNullSiNoEncuentraLibro" classname="com.library.repository.BookRepositoryImplTest" time="0.01"/>
  <testcase name="debeEliminarGenerosDelLibro" classname="com.library.repository.BookRepositoryImplTest" time="0.007"/>
  <testcase name="debeActualizarUnLibro" classname="com.library.repository.BookRepositoryImplTest" time="0.007"/>
  <testcase name="debeEliminarUnLibro" classname="com.library.repository.BookRepositoryImplTest" time="0.015">
    <system-out><![CDATA[The book with ID 1 has been deleted succesfully.
]]></system-out>
  </testcase>
  <testcase name="debeBuscarLibroPorId" classname="com.library.repository.BookRepositoryImplTest" time="0.024"/>
  <testcase name="debeGuardarGenerosDelLibro" classname="com.library.repository.BookRepositoryImplTest" time="0.009"/>
  <testcase name="debeEliminarAutoresDelLibro" classname="com.library.repository.BookRepositoryImplTest" time="0.008"/>
</testsuite>