<?xml version="1.0" encoding="UTF-8"?>
<testsuite xmlns:xsi="http://www.w3.org/2001/XMLSchema-instance" xsi:noNamespaceSchemaLocation="https://maven.apache.org/surefire/maven-surefire-plugin/xsd/surefire-test-report.xsd" version="3.0.2" name="com.library.repository.BookRepositoryImplTest$SaveBookAuthorsTests" time="0.061" tests="3" errors="0" skipped="0" failures="0">
  <properties>
[...]
</properties>
  <testcase name="testSaveBookAuthors_ThrowsException" classname="com.library.repository.BookRepositoryImplTest$SaveBookAuthorsTests" time="0.022"/>
  <testcase name="testSaveBookAuthors_Success" classname="com.library.repository.BookRepositoryImplTest$SaveBookAuthorsTests" time="0.018"/>
  <testcase name="testSaveBookAuthors_MultipleAuthors" classname="com.library.repository.BookRepositoryImplTest$SaveBookAuthorsTests" time="0.015"/>
</testsuite>